<?xml version="1.0" encoding="UTF-8"?>
<Site BuildName="(empty)"
	BuildStamp="20250123-0819-Experimental"
	Name="(empty)"
	Generator="ctest-3.28.3"
	CompilerName=""
	CompilerVersion=""
	OSName="Linux"
	Hostname="cspbw064"
	OSRelease="6.8.0-51-generic"
	OSVersion="#52-Ubuntu SMP PREEMPT_DYNAMIC Thu Dec  5 13:09:44 UTC 2024"
	OSPlatform="x86_64"
	Is64Bits="1"
	VendorString="GenuineIntel"
	VendorID="Intel Corporation"
	FamilyID="6"
	ModelID="151"
	ProcessorCacheSize="18432"
	NumberOfLogicalCPU="12"
	NumberOfPhysicalCPU="6"
	TotalVirtualMemory="511"
	TotalPhysicalMemory="15760"
	LogicalProcessorsPerPhysical="2"
	ProcessorClockFrequency="4000.09"
	>
	<Testing>
		<StartDateTime>Jan 23 20:54 MSK</StartDateTime>
		<StartTestTime>1737654899</StartTestTime>
		<TestList/>
		<EndDateTime>Jan 23 20:54 MSK</EndDateTime>
		<EndTestTime>1737654899</EndTestTime>
		<ElapsedMinutes>0</ElapsedMinutes>
	</Testing>
</Site>
