<?xml version="1.0" encoding="UTF-8"?>
<Site BuildName="(empty)"
	BuildStamp="20250128-1002-Experimental"
	Name="(empty)"
	Generator="ctest-3.28.3"
	CompilerName=""
	CompilerVersion=""
	OSName="Linux"
	Hostname="cspbw064"
	OSRelease="6.8.0-52-generic"
	OSVersion="#53-Ubuntu SMP PREEMPT_DYNAMIC Sat Jan 11 00:06:25 UTC 2025"
	OSPlatform="x86_64"
	Is64Bits="1"
	VendorString="GenuineIntel"
	VendorID="Intel Corporation"
	FamilyID="6"
	ModelID="151"
	ProcessorCacheSize="18432"
	NumberOfLogicalCPU="12"
	NumberOfPhysicalCPU="6"
	TotalVirtualMemory="511"
	TotalPhysicalMemory="15760"
	LogicalProcessorsPerPhysical="2"
	ProcessorClockFrequency="4000.08"
	>
	<Testing>
		<StartDateTime>Jan 28 17:47 MSK</StartDateTime>
		<StartTestTime>1738075624</StartTestTime>
		<TestList/>
		<EndDateTime>Jan 28 17:47 MSK</EndDateTime>
		<EndTestTime>1738075624</EndTestTime>
		<ElapsedMinutes>0</ElapsedMinutes>
	</Testing>
</Site>
